0 silly argv {
0 silly argv   _: [ 'publish' ],
0 silly argv   composed: 'publish',
0 silly argv   lernaVersion: '6.6.1',
0 silly argv   '$0': 'C:\\Users\\Arisor\\AppData\\Roaming\\npm\\node_modules\\lerna\\dist\\cli.js'
0 silly argv }
1 notice cli v6.6.1
2 verbose rootPath C:\src\repos\yun-lint
3 verbose session ab733f2fa754d060
4 verbose user-agent lerna/6.6.1/node@v14.17.0+x64 (win32)
5 silly argv { _: [ 'publish' ], composed: 'publish', lernaVersion: '6.6.1' }
6 verbose rootPath C:\src\repos\yun-lint
7 info current version 0.0.11-alpha.0
8 silly isAnythingCommitted
9 verbose isAnythingCommitted 1
10 silly getCurrentBranch
11 verbose currentBranch master
12 silly remoteBranchExists
13 silly isBehindUpstream
14 silly isBehindUpstream master is behind origin/master by 0 commit(s) and ahead by 0
15 silly hasTags
16 verbose hasTags false
17 info Assuming all packages changed
18 verbose updated @arisor/eslint-config-arisor
19 verbose updated @arisor/yun-lint-cli
20 verbose git-describe undefined => "e43691c"
21 silly git-describe parsed => {"refCount":"23","sha":"e43691c","isDirty":false}
22 info execute Skipping releases
23 silly lifecycle No script for "preversion" in "yun-lint", continuing
24 silly lifecycle No script for "preversion" in "@arisor/eslint-config-arisor", continuing
25 verbose version @arisor/eslint-config-arisor has no lockfile. Skipping lockfile update.
26 silly lifecycle No script for "version" in "@arisor/eslint-config-arisor", continuing
27 silly lifecycle No script for "preversion" in "@arisor/yun-lint-cli", continuing
28 silly lifecycle No script for "version" in "@arisor/yun-lint-cli", continuing
29 verbose version Detected yarn version 1.22.17
30 silly lifecycle No script for "version" in "yun-lint", continuing
31 silly gitAdd [
31 silly gitAdd   'packages/eslint-config-arisor/package.json',
31 silly gitAdd   'packages/yun-lint-cli/package.json',
31 silly gitAdd   'packages/yun-lint-cli/package-lock.json',
31 silly gitAdd   'lerna.json'
31 silly gitAdd ]
32 silly gitCommit v1.0.0
33 verbose git [ 'commit', '-m', 'v1.0.0' ]
34 silly gitTag v1.0.0 git tag %s -m %s
35 verbose git [ 'tag', 'v1.0.0', '-m', 'v1.0.0' ]
36 silly lifecycle No script for "postversion" in "@arisor/eslint-config-arisor", continuing
37 silly lifecycle No script for "postversion" in "@arisor/yun-lint-cli", continuing
38 silly lifecycle No script for "postversion" in "yun-lint", continuing
39 info git Pushing tags...
40 silly gitPush origin master
41 info publish Publishing packages to npm...
42 warn ENOLICENSE Packages @arisor/eslint-config-arisor and @arisor/yun-lint-cli are missing a license.
42 warn ENOLICENSE One way to fix this is to add a LICENSE.md file to the root of this repository.
42 warn ENOLICENSE See https://choosealicense.com for additional guidance.
43 silly getCurrentSHA
44 verbose getCurrentSHA dfc71e5b2c1a8e5816b8c778a86e3f16daf59599
45 silly lifecycle No script for "prepublish" in "yun-lint", continuing
46 silly lifecycle No script for "prepare" in "yun-lint", continuing
47 silly lifecycle No script for "prepublishOnly" in "yun-lint", continuing
48 silly lifecycle No script for "prepack" in "yun-lint", continuing
49 verbose pack-directory packages\eslint-config-arisor
50 silly lifecycle No script for "prepublish" in "@arisor/eslint-config-arisor", continuing
51 silly lifecycle No script for "prepare" in "@arisor/eslint-config-arisor", continuing
52 silly lifecycle No script for "prepublishOnly" in "@arisor/eslint-config-arisor", continuing
53 silly lifecycle No script for "prepack" in "@arisor/eslint-config-arisor", continuing
54 silly lifecycle No script for "postpack" in "@arisor/eslint-config-arisor", continuing
55 verbose packed packages\eslint-config-arisor
56 verbose pack-directory packages\yun-lint-cli
57 silly lifecycle No script for "prepublish" in "@arisor/yun-lint-cli", continuing
58 silly lifecycle No script for "prepare" in "@arisor/yun-lint-cli", continuing
59 silly lifecycle No script for "prepublishOnly" in "@arisor/yun-lint-cli", continuing
60 silly lifecycle No script for "prepack" in "@arisor/yun-lint-cli", continuing
61 silly lifecycle No script for "postpack" in "@arisor/yun-lint-cli", continuing
62 verbose packed packages\yun-lint-cli
63 silly lifecycle No script for "postpack" in "yun-lint", continuing
64 verbose publish @arisor/eslint-config-arisor
65 silly FetchError: request to http://npm.yzjop.com/@arisor%2feslint-config-arisor failed, reason: connect ETIMEDOUT 10.11.12.38:80
65 silly     at ClientRequest.<anonymous> (C:\Users\Arisor\AppData\Roaming\npm\node_modules\lerna\node_modules\minipass-fetch\lib\index.js:130:14)
65 silly     at ClientRequest.emit (events.js:376:20)
65 silly     at Socket.socketErrorListener (_http_client.js:475:9)
65 silly     at Socket.emit (events.js:388:22)
65 silly     at emitErrorNT (internal/streams/destroy.js:106:8)
65 silly     at emitErrorCloseNT (internal/streams/destroy.js:74:3)
65 silly     at processTicksAndRejections (internal/process/task_queues.js:82:21)
65 silly  FetchError: request to http://npm.yzjop.com/@arisor%2feslint-config-arisor failed, reason: connect ETIMEDOUT 10.11.12.38:80
65 silly     at ClientRequest.<anonymous> (C:\Users\Arisor\AppData\Roaming\npm\node_modules\lerna\node_modules\minipass-fetch\lib\index.js:130:14)
65 silly     at ClientRequest.emit (events.js:376:20)
65 silly     at Socket.socketErrorListener (_http_client.js:475:9)
65 silly     at Socket.emit (events.js:388:22)
65 silly     at emitErrorNT (internal/streams/destroy.js:106:8)
65 silly     at emitErrorCloseNT (internal/streams/destroy.js:74:3)
65 silly     at processTicksAndRejections (internal/process/task_queues.js:82:21) {
65 silly   code: 'ETIMEDOUT',
65 silly   errno: 'ETIMEDOUT',
65 silly   syscall: 'connect',
65 silly   address: '10.11.12.38',
65 silly   port: 80,
65 silly   type: 'system'
65 silly }
66 error ETIMEDOUT request to http://npm.yzjop.com/@arisor%2feslint-config-arisor failed, reason: connect ETIMEDOUT 10.11.12.38:80
67 error FetchError: request to http://npm.yzjop.com/@arisor%2feslint-config-arisor failed, reason: connect ETIMEDOUT 10.11.12.38:80
67 error     at ClientRequest.<anonymous> (C:\Users\Arisor\AppData\Roaming\npm\node_modules\lerna\node_modules\minipass-fetch\lib\index.js:130:14)
67 error     at ClientRequest.emit (events.js:376:20)
67 error     at Socket.socketErrorListener (_http_client.js:475:9)
67 error     at Socket.emit (events.js:388:22)
67 error     at emitErrorNT (internal/streams/destroy.js:106:8)
67 error     at emitErrorCloseNT (internal/streams/destroy.js:74:3)
